时间：090226155630500　消息：初使化YX_CMPP发生错误main Exception:
java.net.ConnectException: Connection timed out: connect
	at java.net.PlainSocketImpl.socketConnect(Native Method)
	at java.net.PlainSocketImpl.doConnect(Unknown Source)
	at java.net.PlainSocketImpl.connectToAddress(Unknown Source)
	at java.net.PlainSocketImpl.connect(Unknown Source)
	at java.net.SocksSocketImpl.connect(Unknown Source)
	at java.net.Socket.connect(Unknown Source)
	at java.net.Socket.connect(Unknown Source)
	at java.net.Socket.<init>(Unknown Source)
	at java.net.Socket.<init>(Unknown Source)
	at com.hoten.cmpp.socket.SocketManager.getSocket(SocketManager.java:39)
	at com.hoten.cmpp.type.CMPP_YX.login(CMPP_YX.java:130)
	at com.hoten.cmpp.type.CMPP_YX.initCMPP(CMPP_YX.java:75)
	at com.hoten.cmpp.type.CMPP_YX.initCMPP(CMPP_YX.java:57)
	at com.hoten.cmpp.CMPPInfo.init(CMPPInfo.java:153)
	at com.hoten.cmpp.CMPPInfo.CMPPInit(CMPPInfo.java:204)
	at com.hoten.cmpp.CMPP_Pool.initPool(CMPP_Pool.java:104)
	at com.hoten.cmpp.CMPP_Pool.add(CMPP_Pool.java:41)
	at com.hoten.cmpp.CMPP_Shell.initCMPP(CMPP_Shell.java:24)
	at com.hoten.communicate.mo.MO_Get_YD.initCMPP(MO_Get_YD.java:116)
	at com.hoten.communicate.mo.MO_Get_YD.<init>(MO_Get_YD.java:51)
	at com.hoten.communicate.MainEntity.startSystem(MainEntity.java:80)
	at com.hoten.communicate.MainEntity.main(MainEntity.java:28)
时间：090226155844156　消息：初使化YX_CMPP发生错误main Exception:
java.net.ConnectException: Connection timed out: connect
	at java.net.PlainSocketImpl.socketConnect(Native Method)
	at java.net.PlainSocketImpl.doConnect(Unknown Source)
	at java.net.PlainSocketImpl.connectToAddress(Unknown Source)
	at java.net.PlainSocketImpl.connect(Unknown Source)
	at java.net.SocksSocketImpl.connect(Unknown Source)
	at java.net.Socket.connect(Unknown Source)
	at java.net.Socket.connect(Unknown Source)
	at java.net.Socket.<init>(Unknown Source)
	at java.net.Socket.<init>(Unknown Source)
	at com.hoten.cmpp.socket.SocketManager.getSocket(SocketManager.java:39)
	at com.hoten.cmpp.type.CMPP_YX.login(CMPP_YX.java:130)
	at com.hoten.cmpp.type.CMPP_YX.initCMPP(CMPP_YX.java:75)
	at com.hoten.cmpp.type.CMPP_YX.initCMPP(CMPP_YX.java:57)
	at com.hoten.cmpp.CMPPInfo.init(CMPPInfo.java:153)
	at com.hoten.cmpp.CMPPInfo.CMPPInit(CMPPInfo.java:204)
	at com.hoten.cmpp.CMPP_Pool.initPool(CMPP_Pool.java:104)
	at com.hoten.cmpp.CMPP_Pool.add(CMPP_Pool.java:41)
	at com.hoten.cmpp.CMPP_Shell.initCMPP(CMPP_Shell.java:24)
	at com.hoten.communicate.mo.MO_Get_YD.initCMPP(MO_Get_YD.java:116)
	at com.hoten.communicate.mo.MO_Get_YD.<init>(MO_Get_YD.java:51)
	at com.hoten.communicate.MainEntity.startSystem(MainEntity.java:80)
	at com.hoten.communicate.MainEntity.main(MainEntity.java:28)
时间：090226160130406　消息：初使化YX_CMPP发生错误main Exception:
java.net.ConnectException: Connection timed out: connect
	at java.net.PlainSocketImpl.socketConnect(Native Method)
	at java.net.PlainSocketImpl.doConnect(Unknown Source)
	at java.net.PlainSocketImpl.connectToAddress(Unknown Source)
	at java.net.PlainSocketImpl.connect(Unknown Source)
	at java.net.SocksSocketImpl.connect(Unknown Source)
	at java.net.Socket.connect(Unknown Source)
	at java.net.Socket.connect(Unknown Source)
	at java.net.Socket.<init>(Unknown Source)
	at java.net.Socket.<init>(Unknown Source)
	at com.hoten.cmpp.socket.SocketManager.getSocket(SocketManager.java:39)
	at com.hoten.cmpp.type.CMPP_YX.login(CMPP_YX.java:130)
	at com.hoten.cmpp.type.CMPP_YX.initCMPP(CMPP_YX.java:75)
	at com.hoten.cmpp.type.CMPP_YX.initCMPP(CMPP_YX.java:57)
	at com.hoten.cmpp.CMPPInfo.init(CMPPInfo.java:153)
	at com.hoten.cmpp.CMPPInfo.CMPPInit(CMPPInfo.java:204)
	at com.hoten.cmpp.CMPP_Pool.initPool(CMPP_Pool.java:104)
	at com.hoten.cmpp.CMPP_Pool.add(CMPP_Pool.java:41)
	at com.hoten.cmpp.CMPP_Shell.initCMPP(CMPP_Shell.java:24)
	at com.hoten.communicate.mo.MO_Get_YD.initCMPP(MO_Get_YD.java:116)
	at com.hoten.communicate.mo.MO_Get_YD.<init>(MO_Get_YD.java:51)
	at com.hoten.communicate.MainEntity.startSystem(MainEntity.java:80)
	at com.hoten.communicate.MainEntity.main(MainEntity.java:28)
时间：090226160416343　消息：初使化YX_CMPP发生错误main Exception:
java.net.ConnectException: Connection timed out: connect
	at java.net.PlainSocketImpl.socketConnect(Native Method)
	at java.net.PlainSocketImpl.doConnect(Unknown Source)
	at java.net.PlainSocketImpl.connectToAddress(Unknown Source)
	at java.net.PlainSocketImpl.connect(Unknown Source)
	at java.net.SocksSocketImpl.connect(Unknown Source)
	at java.net.Socket.connect(Unknown Source)
	at java.net.Socket.connect(Unknown Source)
	at java.net.Socket.<init>(Unknown Source)
	at java.net.Socket.<init>(Unknown Source)
	at com.hoten.cmpp.socket.SocketManager.getSocket(SocketManager.java:39)
	at com.hoten.cmpp.type.CMPP_YX.login(CMPP_YX.java:130)
	at com.hoten.cmpp.type.CMPP_YX.initCMPP(CMPP_YX.java:75)
	at com.hoten.cmpp.type.CMPP_YX.initCMPP(CMPP_YX.java:57)
	at com.hoten.cmpp.CMPPInfo.init(CMPPInfo.java:153)
	at com.hoten.cmpp.CMPPInfo.CMPPInit(CMPPInfo.java:204)
	at com.hoten.cmpp.CMPP_Pool.initPool(CMPP_Pool.java:104)
	at com.hoten.cmpp.CMPP_Pool.add(CMPP_Pool.java:41)
	at com.hoten.cmpp.CMPP_Shell.initCMPP(CMPP_Shell.java:24)
	at com.hoten.communicate.mo.MO_Get_YD.initCMPP(MO_Get_YD.java:116)
	at com.hoten.communicate.mo.MO_Get_YD.<init>(MO_Get_YD.java:51)
	at com.hoten.communicate.MainEntity.startSystem(MainEntity.java:80)
	at com.hoten.communicate.MainEntity.main(MainEntity.java:28)
时间：090226160926734　消息：初使化YX_CMPP发生错误main Exception:
java.net.ConnectException: Connection timed out: connect
	at java.net.PlainSocketImpl.socketConnect(Native Method)
	at java.net.PlainSocketImpl.doConnect(Unknown Source)
	at java.net.PlainSocketImpl.connectToAddress(Unknown Source)
	at java.net.PlainSocketImpl.connect(Unknown Source)
	at java.net.SocksSocketImpl.connect(Unknown Source)
	at java.net.Socket.connect(Unknown Source)
	at java.net.Socket.connect(Unknown Source)
	at java.net.Socket.<init>(Unknown Source)
	at java.net.Socket.<init>(Unknown Source)
	at com.hoten.cmpp.socket.SocketManager.getSocket(SocketManager.java:39)
	at com.hoten.cmpp.type.CMPP_YX.login(CMPP_YX.java:130)
	at com.hoten.cmpp.type.CMPP_YX.initCMPP(CMPP_YX.java:75)
	at com.hoten.cmpp.type.CMPP_YX.initCMPP(CMPP_YX.java:57)
	at com.hoten.cmpp.CMPPInfo.init(CMPPInfo.java:153)
	at com.hoten.cmpp.CMPPInfo.CMPPInit(CMPPInfo.java:204)
	at com.hoten.cmpp.CMPP_Pool.initPool(CMPP_Pool.java:104)
	at com.hoten.cmpp.CMPP_Pool.add(CMPP_Pool.java:41)
	at com.hoten.cmpp.CMPP_Shell.initCMPP(CMPP_Shell.java:24)
	at com.hoten.communicate.mo.MO_Get_YD.initCMPP(MO_Get_YD.java:116)
	at com.hoten.communicate.mo.MO_Get_YD.<init>(MO_Get_YD.java:51)
	at com.hoten.communicate.MainEntity.startSystem(MainEntity.java:80)
	at com.hoten.communicate.MainEntity.main(MainEntity.java:28)
